<?xml version="1.0" encoding="UTF-8"?>
<!-- Generated by org.testng.reporters.JUnitXMLReporter -->
<testsuite hostname="VISHALSINGH6440" name="Test" tests="2" failures="2" timestamp="1 Dec 2016 18:01:26 GMT" time="0.453" errors="0">
  <testcase name="Test2" time="0.027" classname="TestCaseFactory.LogInPageTC">
    <failure type="java.lang.AssertionError" message="expected [true] but found [false]">
      <![CDATA[java.lang.AssertionError: expected [true] but found [false]
	at TestCaseFactory.LogInPageTC.Test2(LogInPageTC.java:38)
... Removed 29 stack frames]]>
    </failure>
  </testcase> <!-- Test2 -->
  <testcase name="VerifyUserLogin" time="0.35" classname="TestCaseFactory.LogInPageTC">
    <failure type="java.lang.NoClassDefFoundError" message="freemarker/template/TemplateModelException">
      <![CDATA[java.lang.NoClassDefFoundError: freemarker/template/TemplateModelException
	at com.relevantcodes.extentreports.ExtentReports.<init>(ExtentReports.java:86)
	at com.relevantcodes.extentreports.ExtentReports.<init>(ExtentReports.java:420)
	at cfg.Reporting.reportMethod(Reporting.java:11)
	at TestCaseFactory.LogInPageTC.VerifyUserLogin(LogInPageTC.java:27)
Caused by: java.lang.ClassNotFoundException: freemarker.template.TemplateModelException
	at java.net.URLClassLoader$1.run(Unknown Source)
	at java.net.URLClassLoader$1.run(Unknown Source)
	at java.security.AccessController.doPrivileged(Native Method)
	at java.net.URLClassLoader.findClass(Unknown Source)
	at java.lang.ClassLoader.loadClass(Unknown Source)
	at sun.misc.Launcher$AppClassLoader.loadClass(Unknown Source)
	at java.lang.ClassLoader.loadClass(Unknown Source)
	... 29 more
... Removed 25 stack frames]]>
    </failure>
  </testcase> <!-- VerifyUserLogin -->
</testsuite> <!-- Test -->
